OnYourWay/app/build/intermediates/manifest_merge_blame_file/debug/manifest-merger-blame-debug-report.txt
1<?xml version="1.0" encoding="utf-8"?>
2<manifest xmlns:android="http://schemas.android.com/apk/res/android"
3    package="com.example.onyourway"
4    android:versionCode="1"
5    android:versionName="1.0" >
6
7    <uses-sdk
7-->src/main/AndroidManifest.xml:15:5-74
8        android:minSdkVersion="21"
8-->src/main/AndroidManifest.xml:15:15-41
9        android:targetSdkVersion="32" />
9-->src/main/AndroidManifest.xml:15:42-71
10
11    <uses-permission android:name="android.permission.ACCESS_COARSE_LOCATION" />
11-->src/main/AndroidManifest.xml:6:5-81
11-->src/main/AndroidManifest.xml:6:22-78
12    <uses-permission android:name="android.permission.ACCESS_COARSE_LOCATION" />
12-->src/main/AndroidManifest.xml:6:5-81
12-->src/main/AndroidManifest.xml:6:22-78
13    <uses-permission android:name="android.permission.ACCESS_FINE_LOCATION" />
13-->src/main/AndroidManifest.xml:8:5-78
13-->src/main/AndroidManifest.xml:8:22-76
14    <uses-permission android:name="android.permission.ACCESS_COARSE_LOCATION" />
14-->src/main/AndroidManifest.xml:6:5-81
14-->src/main/AndroidManifest.xml:6:22-78
15    <uses-permission android:name="android.permission.ACCESS_FINE_LOCATION" />
15-->src/main/AndroidManifest.xml:8:5-78
15-->src/main/AndroidManifest.xml:8:22-76
16    <uses-permission android:name="android.permission.ACCESS_FINE_LOCATION" />
16-->src/main/AndroidManifest.xml:8:5-78
16-->src/main/AndroidManifest.xml:8:22-76
17    <uses-permission android:name="android.permission.ACCESS_FINE_LOCATION" />
17-->src/main/AndroidManifest.xml:8:5-78
17-->src/main/AndroidManifest.xml:8:22-76
18    <uses-permission android:name="android.permission.INTERNET" />
18-->src/main/AndroidManifest.xml:13:5-66
18-->src/main/AndroidManifest.xml:13:22-64
19    <uses-permission android:name="android.permission.CAMERA" />
19-->src/main/AndroidManifest.xml:14:5-65
19-->src/main/AndroidManifest.xml:14:22-62
20
21    <!-- Don't require camera, as this requires a rear camera. This allows it to work on the Nexus 7 -->
22    <uses-feature
22-->[com.journeyapps:zxing-android-embedded:4.3.0] AndroidManifest.xml:25:5-27:36
23        android:name="android.hardware.camera"
23-->[com.journeyapps:zxing-android-embedded:4.3.0] AndroidManifest.xml:26:9-47
24        android:required="false" />
24-->[com.journeyapps:zxing-android-embedded:4.3.0] AndroidManifest.xml:27:9-33
25    <uses-feature
25-->[com.journeyapps:zxing-android-embedded:4.3.0] AndroidManifest.xml:28:5-30:36
26        android:name="android.hardware.camera.front"
26-->[com.journeyapps:zxing-android-embedded:4.3.0] AndroidManifest.xml:29:9-53
27        android:required="false" /> <!-- TODO replace above two with next line after Android 4.2 -->
27-->[com.journeyapps:zxing-android-embedded:4.3.0] AndroidManifest.xml:30:9-33
28    <!-- <uses-feature android:name="android.hardware.camera.any"/> -->
29    <uses-feature
29-->[com.journeyapps:zxing-android-embedded:4.3.0] AndroidManifest.xml:33:5-35:36
30        android:name="android.hardware.camera.autofocus"
30-->[com.journeyapps:zxing-android-embedded:4.3.0] AndroidManifest.xml:34:9-57
31        android:required="false" />
31-->[com.journeyapps:zxing-android-embedded:4.3.0] AndroidManifest.xml:35:9-33
32    <uses-feature
32-->[com.journeyapps:zxing-android-embedded:4.3.0] AndroidManifest.xml:36:5-38:36
33        android:name="android.hardware.camera.flash"
33-->[com.journeyapps:zxing-android-embedded:4.3.0] AndroidManifest.xml:37:9-53
34        android:required="false" />
34-->[com.journeyapps:zxing-android-embedded:4.3.0] AndroidManifest.xml:38:9-33
35    <uses-feature
35-->[com.journeyapps:zxing-android-embedded:4.3.0] AndroidManifest.xml:39:5-41:36
36        android:name="android.hardware.screen.landscape"
36-->[com.journeyapps:zxing-android-embedded:4.3.0] AndroidManifest.xml:40:9-57
37        android:required="false" />
37-->[com.journeyapps:zxing-android-embedded:4.3.0] AndroidManifest.xml:41:9-33
38    <uses-feature
38-->[com.journeyapps:zxing-android-embedded:4.3.0] AndroidManifest.xml:42:5-44:36
39        android:name="android.hardware.wifi"
39-->[com.journeyapps:zxing-android-embedded:4.3.0] AndroidManifest.xml:43:9-45
40        android:required="false" /> <!-- Include required permissions for Google Maps API to run. -->
40-->[com.journeyapps:zxing-android-embedded:4.3.0] AndroidManifest.xml:44:9-33
41    <uses-permission android:name="android.permission.ACCESS_NETWORK_STATE" />
41-->[com.google.android.gms:play-services-maps:18.0.2] AndroidManifest.xml:23:5-79
41-->[com.google.android.gms:play-services-maps:18.0.2] AndroidManifest.xml:23:22-76
42
43    <uses-feature
43-->[com.google.android.gms:play-services-maps:18.0.2] AndroidManifest.xml:26:5-28:35
44        android:glEsVersion="0x00020000"
44-->[com.google.android.gms:play-services-maps:18.0.2] AndroidManifest.xml:27:9-41
45        android:required="true" />
45-->[com.google.android.gms:play-services-maps:18.0.2] AndroidManifest.xml:28:9-32
46
47    <queries>
47-->[com.google.android.gms:play-services-maps:18.0.2] AndroidManifest.xml:30:5-34:15
48
49        <!-- Needs to be explicitly declared on Android R+ -->
50        <package android:name="com.google.android.apps.maps" />
50-->[com.google.android.gms:play-services-maps:18.0.2] AndroidManifest.xml:33:9-64
50-->[com.google.android.gms:play-services-maps:18.0.2] AndroidManifest.xml:33:18-61
51    </queries>
52
53    <application
53-->src/main/AndroidManifest.xml:17:5-58:19
54        android:allowBackup="true"
54-->src/main/AndroidManifest.xml:19:9-35
55        android:appComponentFactory="androidx.core.app.CoreComponentFactory"
55-->[androidx.core:core:1.8.0] AndroidManifest.xml:24:18-86
56        android:dataExtractionRules="@xml/data_extraction_rules"
56-->src/main/AndroidManifest.xml:21:9-65
57        android:debuggable="true"
58        android:fullBackupContent="@xml/backup_rules"
58-->src/main/AndroidManifest.xml:22:9-54
59        android:hardwareAccelerated="true"
59-->src/main/AndroidManifest.xml:20:9-43
60        android:icon="@mipmap/ic_launcher"
60-->src/main/AndroidManifest.xml:23:9-43
61        android:label="@string/app_name"
61-->src/main/AndroidManifest.xml:24:9-41
62        android:roundIcon="@mipmap/ic_launcher_round"
62-->src/main/AndroidManifest.xml:25:9-54
63        android:supportsRtl="true"
63-->src/main/AndroidManifest.xml:26:9-35
64        android:testOnly="true"
65        android:theme="@style/Theme.OnYourWay" >
65-->src/main/AndroidManifest.xml:27:9-47
66        <meta-data
67            android:name="com.google.android.geo.API_KEY"
67-->src/main/AndroidManifest.xml:30:13-58
68            android:value="AIzaSyCdwC12KxydiFremHZu7PmDDq3uaiJvqSo" />
68-->src/main/AndroidManifest.xml:31:13-44
69
70        <!--
71             TODO: Before you run your application, you need a Google Maps API key.
72
73             To get one, follow the directions here:
74
75                https://developers.google.com/maps/documentation/android-sdk/get-api-key
76
77             Once you have your API key (it starts with "AIza"), define a new property in your
78             project's local.properties file (e.g. MAPS_API_KEY=Aiza...), and replace the
79             "YOUR_API_KEY" string in this file with "${MAPS_API_KEY}".
80        -->
81
82        <activity
82-->src/main/AndroidManifest.xml:48:9-57:20
83            android:name="com.example.onyourway.MainActivity"
83-->src/main/AndroidManifest.xml:49:13-41
84            android:exported="true"
84-->src/main/AndroidManifest.xml:51:13-36
85            android:theme="@style/Theme.OnYourWay" >
85-->src/main/AndroidManifest.xml:50:13-51
86            <intent-filter>
86-->src/main/AndroidManifest.xml:52:13-56:29
87                <action android:name="android.intent.action.MAIN" />
87-->src/main/AndroidManifest.xml:53:17-69
87-->src/main/AndroidManifest.xml:53:25-66
88
89                <category android:name="android.intent.category.LAUNCHER" />
89-->src/main/AndroidManifest.xml:55:17-77
89-->src/main/AndroidManifest.xml:55:27-74
90            </intent-filter>
91        </activity>
92
93        <uses-library
93-->[androidx.window:window:1.0.0] AndroidManifest.xml:25:9-27:40
94            android:name="androidx.window.extensions"
94-->[androidx.window:window:1.0.0] AndroidManifest.xml:26:13-54
95            android:required="false" />
95-->[androidx.window:window:1.0.0] AndroidManifest.xml:27:13-37
96        <uses-library
96-->[androidx.window:window:1.0.0] AndroidManifest.xml:28:9-30:40
97            android:name="androidx.window.sidecar"
97-->[androidx.window:window:1.0.0] AndroidManifest.xml:29:13-51
98            android:required="false" />
98-->[androidx.window:window:1.0.0] AndroidManifest.xml:30:13-37
99
100        <activity
100-->[com.journeyapps:zxing-android-embedded:4.3.0] AndroidManifest.xml:47:9-53:63
101            android:name="com.journeyapps.barcodescanner.CaptureActivity"
101-->[com.journeyapps:zxing-android-embedded:4.3.0] AndroidManifest.xml:48:13-74
102            android:clearTaskOnLaunch="true"
102-->[com.journeyapps:zxing-android-embedded:4.3.0] AndroidManifest.xml:49:13-45
103            android:screenOrientation="sensorLandscape"
103-->[com.journeyapps:zxing-android-embedded:4.3.0] AndroidManifest.xml:50:13-56
104            android:stateNotNeeded="true"
104-->[com.journeyapps:zxing-android-embedded:4.3.0] AndroidManifest.xml:51:13-42
105            android:theme="@style/zxing_CaptureTheme"
105-->[com.journeyapps:zxing-android-embedded:4.3.0] AndroidManifest.xml:52:13-54
106            android:windowSoftInputMode="stateAlwaysHidden" />
106-->[com.journeyapps:zxing-android-embedded:4.3.0] AndroidManifest.xml:53:13-60
107
108        <service
108-->[androidx.camera:camera-camera2:1.2.0-alpha02] AndroidManifest.xml:25:9-34:19
109            android:name="androidx.camera.core.impl.MetadataHolderService"
109-->[androidx.camera:camera-camera2:1.2.0-alpha02] AndroidManifest.xml:26:13-75
110            android:enabled="false"
110-->[androidx.camera:camera-camera2:1.2.0-alpha02] AndroidManifest.xml:27:13-36
111            android:exported="false" >
111-->[androidx.camera:camera-camera2:1.2.0-alpha02] AndroidManifest.xml:28:13-37
112            <meta-data
112-->[androidx.camera:camera-camera2:1.2.0-alpha02] AndroidManifest.xml:31:13-33:89
113                android:name="androidx.camera.core.impl.MetadataHolderService.DEFAULT_CONFIG_PROVIDER"
113-->[androidx.camera:camera-camera2:1.2.0-alpha02] AndroidManifest.xml:32:17-103
114                android:value="androidx.camera.camera2.Camera2Config$DefaultProvider" />
114-->[androidx.camera:camera-camera2:1.2.0-alpha02] AndroidManifest.xml:33:17-86
115        </service> <!-- Needs to be explicitly declared on P+ -->
116        <uses-library
116-->[com.google.android.gms:play-services-maps:18.0.2] AndroidManifest.xml:39:9-41:40
117            android:name="org.apache.http.legacy"
117-->[com.google.android.gms:play-services-maps:18.0.2] AndroidManifest.xml:40:13-50
118            android:required="false" />
118-->[com.google.android.gms:play-services-maps:18.0.2] AndroidManifest.xml:41:13-37
119
120        <activity
120-->[com.google.android.gms:play-services-base:18.0.1] AndroidManifest.xml:20:9-22:45
121            android:name="com.google.android.gms.common.api.GoogleApiActivity"
121-->[com.google.android.gms:play-services-base:18.0.1] AndroidManifest.xml:20:19-85
122            android:exported="false"
122-->[com.google.android.gms:play-services-base:18.0.1] AndroidManifest.xml:22:19-43
123            android:theme="@android:style/Theme.Translucent.NoTitleBar" />
123-->[com.google.android.gms:play-services-base:18.0.1] AndroidManifest.xml:21:19-78
124
125        <meta-data
125-->[com.google.android.gms:play-services-basement:18.0.0] AndroidManifest.xml:21:9-23:69
126            android:name="com.google.android.gms.version"
126-->[com.google.android.gms:play-services-basement:18.0.0] AndroidManifest.xml:22:13-58
127            android:value="@integer/google_play_services_version" />
127-->[com.google.android.gms:play-services-basement:18.0.0] AndroidManifest.xml:23:13-66
128
129        <provider
129-->[androidx.emoji2:emoji2:1.0.0] AndroidManifest.xml:26:9-34:20
130            android:name="androidx.startup.InitializationProvider"
130-->[androidx.emoji2:emoji2:1.0.0] AndroidManifest.xml:27:13-67
131            android:authorities="com.example.onyourway.androidx-startup"
131-->[androidx.emoji2:emoji2:1.0.0] AndroidManifest.xml:28:13-68
132            android:exported="false" >
132-->[androidx.emoji2:emoji2:1.0.0] AndroidManifest.xml:29:13-37
133            <meta-data
133-->[androidx.emoji2:emoji2:1.0.0] AndroidManifest.xml:31:13-33:52
134                android:name="androidx.emoji2.text.EmojiCompatInitializer"
134-->[androidx.emoji2:emoji2:1.0.0] AndroidManifest.xml:32:17-75
135                android:value="androidx.startup" />
135-->[androidx.emoji2:emoji2:1.0.0] AndroidManifest.xml:33:17-49
136            <meta-data
136-->[androidx.lifecycle:lifecycle-process:2.4.0] AndroidManifest.xml:31:13-33:52
137                android:name="androidx.lifecycle.ProcessLifecycleInitializer"
137-->[androidx.lifecycle:lifecycle-process:2.4.0] AndroidManifest.xml:32:17-78
138                android:value="androidx.startup" />
138-->[androidx.lifecycle:lifecycle-process:2.4.0] AndroidManifest.xml:33:17-49
139        </provider>
140    </application>
141
142</manifest>